Copyright 1986-2018 Xilinx, Inc. All Rights Reserved.
------------------------------------------------------------------------------------
| Tool Version : Vivado v.2018.1 (win64) Build 2188600 Wed Apr  4 18:40:38 MDT 2018
| Date         : Thu Jul 12 01:11:40 2018
| Host         : DESKTOP-O4D08CK running 64-bit major release  (build 9200)
| Command      : report_control_sets -verbose -file uart_control_sets_placed.rpt
| Design       : uart
| Device       : xc7a35ti
------------------------------------------------------------------------------------

Control Set Information

Table of Contents
-----------------
1. Summary
2. Histogram
3. Flip-Flop Distribution
4. Detailed Control Set Information

1. Summary
----------

+----------------------------------------------------------+-------+
|                          Status                          | Count |
+----------------------------------------------------------+-------+
| Number of unique control sets                            |     3 |
| Unused register locations in slices containing registers |    13 |
+----------------------------------------------------------+-------+


2. Histogram
------------

+--------+--------------+
| Fanout | Control Sets |
+--------+--------------+
|      1 |            1 |
|      4 |            1 |
|     14 |            1 |
+--------+--------------+


3. Flip-Flop Distribution
-------------------------

+--------------+-----------------------+------------------------+-----------------+--------------+
| Clock Enable | Synchronous Set/Reset | Asynchronous Set/Reset | Total Registers | Total Slices |
+--------------+-----------------------+------------------------+-----------------+--------------+
| No           | No                    | No                     |               1 |            1 |
| No           | No                    | Yes                    |               0 |            0 |
| No           | Yes                   | No                     |              14 |            5 |
| Yes          | No                    | No                     |               0 |            0 |
| Yes          | No                    | Yes                    |               0 |            0 |
| Yes          | Yes                   | No                     |               4 |            1 |
+--------------+-----------------------+------------------------+-----------------+--------------+


4. Detailed Control Set Information
-----------------------------------

+----------------------+---------------+----------------------+------------------+----------------+
|     Clock Signal     | Enable Signal |   Set/Reset Signal   | Slice Load Count | Bel Load Count |
+----------------------+---------------+----------------------+------------------+----------------+
|  CLK100MHZ_IBUF_BUFG |               |                      |                1 |              1 |
|  CLK100MHZ_IBUF_BUFG | uart_clk      | clear                |                1 |              4 |
|  CLK100MHZ_IBUF_BUFG |               | baud_cnt[13]_i_1_n_0 |                5 |             14 |
+----------------------+---------------+----------------------+------------------+----------------+


